<?xml version="1.0" encoding="UTF-8"?>
<!-- Generated by org.testng.reporters.JUnitReportReporter -->
<testsuite name="Practice.Alex.HomePageTest$TestHomePage" tests="1" time="3.280" ignored="0" failures="0" timestamp="02 Aug 2018 13:14:39 GMT" skipped="0" hostname="SVRODK00085" errors="0">
  <testcase name="paginaPrincipala" time="3.280" classname="Practice.Alex.HomePageTest$TestHomePage"/>
</testsuite> <!-- Practice.Alex.HomePageTest$TestHomePage -->
