<?xml version="1.0" encoding="UTF-8"?>
<!-- Generated by org.testng.reporters.JUnitReportReporter -->
<testsuite name="Practice.Alex.Tab3ConnectionTest" tests="1" time="4.297" ignored="0" failures="0" timestamp="02 Aug 2018 13:15:58 GMT" skipped="0" hostname="SVRODK00085" errors="0">
  <testcase name="tab3" time="4.297" classname="Practice.Alex.Tab3ConnectionTest"/>
</testsuite> <!-- Practice.Alex.Tab3ConnectionTest -->
